<?xml version="1.0" encoding="UTF-8"?>
<!-- Generated by org.testng.reporters.JUnitReportReporter -->
<testsuite hostname="DESKTOP-Q0VBUNO" failures="0" tests="4" name="test.Test_Login" time="32.764" errors="0" timestamp="2020-08-08T17:47:39 CDT" skipped="0">
  <testcase classname="test.Test_Login" name="test_login" time="11.380"/>
  <system-out/>
  <testcase classname="test.Test_Login" name="test_login" time="7.682"/>
  <system-out/>
  <testcase classname="test.Test_Login" name="test_login" time="6.883"/>
  <system-out/>
  <testcase classname="test.Test_Login" name="test_login" time="6.819"/>
  <system-out/>
</testsuite> <!-- test.Test_Login -->
