<?xml version="1.0" encoding="UTF-8"?>
<!-- Generated by org.testng.reporters.JUnitReportReporter -->
<testsuite hostname="DESKTOP-Q0VBUNO" failures="0" tests="4" name="test.Test_Login" time="28.526" errors="0" timestamp="2020-08-08T17:44:10 CDT" skipped="0">
  <testcase classname="test.Test_Login" name="test_login" time="6.137"/>
  <system-out/>
  <testcase classname="test.Test_Login" name="test_login" time="9.382"/>
  <system-out/>
  <testcase classname="test.Test_Login" name="test_login" time="6.539"/>
  <system-out/>
  <testcase classname="test.Test_Login" name="test_login" time="6.468"/>
  <system-out/>
</testsuite> <!-- test.Test_Login -->
